mode: atomic
github.ibm.com/coligo/satcon-client/client/web/client.go:22.138,25.16 2 6
github.ibm.com/coligo/satcon-client/client/web/client.go:29.2,33.16 3 5
github.ibm.com/coligo/satcon-client/client/web/client.go:37.2,37.26 1 4
github.ibm.com/coligo/satcon-client/client/web/client.go:50.2,50.12 1 2
github.ibm.com/coligo/satcon-client/client/web/client.go:25.16,27.3 1 1
github.ibm.com/coligo/satcon-client/client/web/client.go:33.16,35.3 1 1
github.ibm.com/coligo/satcon-client/client/web/client.go:37.26,40.17 3 4
github.ibm.com/coligo/satcon-client/client/web/client.go:44.3,45.17 2 3
github.ibm.com/coligo/satcon-client/client/web/client.go:40.17,42.4 1 1
github.ibm.com/coligo/satcon-client/client/web/client.go:45.17,47.4 1 1
