mode: atomic
github.ibm.com/coligo/satcon-client/client/actions/groups/groups.go:17.55,35.2 6 5
github.ibm.com/coligo/satcon-client/client/actions/groups/groups.go:45.65,52.16 4 4
github.ibm.com/coligo/satcon-client/client/actions/groups/groups.go:56.2,56.26 1 3
github.ibm.com/coligo/satcon-client/client/actions/groups/groups.go:60.2,60.17 1 1
github.ibm.com/coligo/satcon-client/client/actions/groups/groups.go:52.16,54.3 1 1
github.ibm.com/coligo/satcon-client/client/actions/groups/groups.go:56.26,58.3 1 2
github.ibm.com/coligo/satcon-client/client/actions/groups/add_group.go:22.65,39.2 6 5
github.ibm.com/coligo/satcon-client/client/actions/groups/add_group.go:55.92,62.16 4 4
github.ibm.com/coligo/satcon-client/client/actions/groups/add_group.go:66.2,66.26 1 3
github.ibm.com/coligo/satcon-client/client/actions/groups/add_group.go:70.2,70.17 1 1
github.ibm.com/coligo/satcon-client/client/actions/groups/add_group.go:62.16,64.3 1 1
github.ibm.com/coligo/satcon-client/client/actions/groups/add_group.go:66.26,68.3 1 2
github.ibm.com/coligo/satcon-client/client/actions/groups/group_client.go:26.85,27.23 1 16
github.ibm.com/coligo/satcon-client/client/actions/groups/group_client.go:31.2,36.23 2 15
github.ibm.com/coligo/satcon-client/client/actions/groups/group_client.go:40.2,42.8 1 15
github.ibm.com/coligo/satcon-client/client/actions/groups/group_client.go:27.23,29.3 1 1
github.ibm.com/coligo/satcon-client/client/actions/groups/group_client.go:36.23,38.3 1 14
github.ibm.com/coligo/satcon-client/client/actions/groups/group_clusters.go:23.94,42.2 6 6
github.ibm.com/coligo/satcon-client/client/actions/groups/group_clusters.go:58.128,65.16 4 4
github.ibm.com/coligo/satcon-client/client/actions/groups/group_clusters.go:69.2,69.26 1 3
github.ibm.com/coligo/satcon-client/client/actions/groups/group_clusters.go:73.2,73.17 1 1
github.ibm.com/coligo/satcon-client/client/actions/groups/group_clusters.go:65.16,67.3 1 1
github.ibm.com/coligo/satcon-client/client/actions/groups/group_clusters.go:69.26,71.3 1 2
