mode: atomic
github.ibm.com/coligo/satcon-client/client/actions/clusters/register_cluster.go:32.100,56.2 7 5
github.ibm.com/coligo/satcon-client/client/actions/clusters/register_cluster.go:77.61,80.2 1 0
github.ibm.com/coligo/satcon-client/client/actions/clusters/register_cluster.go:82.134,89.16 4 4
github.ibm.com/coligo/satcon-client/client/actions/clusters/register_cluster.go:93.2,93.26 1 3
github.ibm.com/coligo/satcon-client/client/actions/clusters/register_cluster.go:97.2,97.17 1 1
github.ibm.com/coligo/satcon-client/client/actions/clusters/register_cluster.go:89.16,91.3 1 1
github.ibm.com/coligo/satcon-client/client/actions/clusters/register_cluster.go:93.26,95.3 1 2
github.ibm.com/coligo/satcon-client/client/actions/clusters/cluster_client.go:30.87,31.23 1 16
github.ibm.com/coligo/satcon-client/client/actions/clusters/cluster_client.go:35.2,40.23 2 15
github.ibm.com/coligo/satcon-client/client/actions/clusters/cluster_client.go:44.2,46.8 1 15
github.ibm.com/coligo/satcon-client/client/actions/clusters/cluster_client.go:31.23,33.3 1 1
github.ibm.com/coligo/satcon-client/client/actions/clusters/cluster_client.go:40.23,42.3 1 14
github.ibm.com/coligo/satcon-client/client/actions/clusters/clusters_by_org_id.go:22.73,40.2 6 5
github.ibm.com/coligo/satcon-client/client/actions/clusters/clusters_by_org_id.go:75.43,76.17 1 0
github.ibm.com/coligo/satcon-client/client/actions/clusters/clusters_by_org_id.go:80.2,82.22 2 0
github.ibm.com/coligo/satcon-client/client/actions/clusters/clusters_by_org_id.go:86.2,86.35 1 0
github.ibm.com/coligo/satcon-client/client/actions/clusters/clusters_by_org_id.go:76.17,78.3 1 0
github.ibm.com/coligo/satcon-client/client/actions/clusters/clusters_by_org_id.go:82.22,84.3 1 0
github.ibm.com/coligo/satcon-client/client/actions/clusters/clusters_by_org_id.go:94.38,95.17 1 0
github.ibm.com/coligo/satcon-client/client/actions/clusters/clusters_by_org_id.go:99.2,101.22 2 0
github.ibm.com/coligo/satcon-client/client/actions/clusters/clusters_by_org_id.go:105.2,105.41 1 0
github.ibm.com/coligo/satcon-client/client/actions/clusters/clusters_by_org_id.go:95.17,97.3 1 0
github.ibm.com/coligo/satcon-client/client/actions/clusters/clusters_by_org_id.go:101.22,103.3 1 0
github.ibm.com/coligo/satcon-client/client/actions/clusters/clusters_by_org_id.go:108.76,115.16 4 4
github.ibm.com/coligo/satcon-client/client/actions/clusters/clusters_by_org_id.go:119.2,119.26 1 3
github.ibm.com/coligo/satcon-client/client/actions/clusters/clusters_by_org_id.go:123.2,123.17 1 1
github.ibm.com/coligo/satcon-client/client/actions/clusters/clusters_by_org_id.go:115.16,117.3 1 1
github.ibm.com/coligo/satcon-client/client/actions/clusters/clusters_by_org_id.go:119.26,121.3 1 2
github.ibm.com/coligo/satcon-client/client/actions/clusters/delete_cluster_by_cluster_id.go:20.102,38.2 6 4
github.ibm.com/coligo/satcon-client/client/actions/clusters/delete_cluster_by_cluster_id.go:53.61,55.31 2 0
github.ibm.com/coligo/satcon-client/client/actions/clusters/delete_cluster_by_cluster_id.go:59.2,59.32 1 0
github.ibm.com/coligo/satcon-client/client/actions/clusters/delete_cluster_by_cluster_id.go:63.2,63.17 1 0
github.ibm.com/coligo/satcon-client/client/actions/clusters/delete_cluster_by_cluster_id.go:55.31,57.3 1 0
github.ibm.com/coligo/satcon-client/client/actions/clusters/delete_cluster_by_cluster_id.go:59.32,61.3 1 0
github.ibm.com/coligo/satcon-client/client/actions/clusters/delete_cluster_by_cluster_id.go:66.119,73.16 4 4
github.ibm.com/coligo/satcon-client/client/actions/clusters/delete_cluster_by_cluster_id.go:77.2,77.26 1 3
github.ibm.com/coligo/satcon-client/client/actions/clusters/delete_cluster_by_cluster_id.go:81.2,81.17 1 1
github.ibm.com/coligo/satcon-client/client/actions/clusters/delete_cluster_by_cluster_id.go:73.16,75.3 1 1
github.ibm.com/coligo/satcon-client/client/actions/clusters/delete_cluster_by_cluster_id.go:77.26,79.3 1 2
